DragonIsland-Android/proguard-java.cfg
-libraryjars  C:\Program Files\adt-bundle-windows-x86_64-20140702\sdk\platforms\android-17\android.jar
-injars       dragon.jar
-outjars      DragonIsland.jar
-libraryjars  <java.home>/lib/rt.jar
-printmapping proguard-java.map
-dontwarn
-dontoptimize

-keep public class javazoom.jl.**

-keep public class com.citex.dragonisland.java.Main {
    public static void main(java.lang.String[]);
}