DragonIsland-Android/proguard/mapping.txt
com.google.android.gms.internal.br -> com.google.android.gms.c.ay:
    void a(com.google.android.gms.internal.bq) -> a
com.google.android.gms.internal.br$a -> com.google.android.gms.c.az:
    com.google.android.gms.internal.br j(android.os.IBinder) -> a
    android.os.IBinder asBinder() -> asBinder
    boolean onTransact(int,android.os.Parcel,android.os.Parcel,int) -> onTransact
com.google.android.gms.internal.br$a$a -> com.google.android.gms.c.aA:
    android.os.IBinder le -> a
    android.os.IBinder asBinder() -> asBinder
    void a(com.google.android.gms.internal.bq) -> a
com.google.android.gms.internal.bs -> com.google.android.gms.c.aB:
    com.google.android.gms.ads.doubleclick.b oO -> a
    void a(com.google.android.gms.internal.bq) -> a
com.google.android.gms.internal.bt -> com.google.android.gms.c.aC:
    java.lang.String pB -> a
    android.graphics.drawable.Drawable pC -> b
    java.lang.String pD -> c
    android.graphics.drawable.Drawable pE -> d
    java.lang.String pF -> e
    double pG -> f
    java.lang.String pH -> g
    java.lang.String pI -> h
    java.lang.Object mH -> i
    com.google.android.gms.internal.bv pJ -> j
    java.lang.String bB() -> a
    com.google.android.gms.dynamic.d bC() -> b
    java.lang.String getBody() -> c
    com.google.android.gms.dynamic.d bD() -> d
    java.lang.String bE() -> e
    double bF() -> f
    java.lang.String bG() -> g
    java.lang.String bH() -> h
    void j(int) -> a
    void aw() -> i
    void a(com.google.android.gms.internal.bv) -> a
com.google.android.gms.internal.bu -> com.google.android.gms.c.aD:
    java.lang.String pB -> a
    android.graphics.drawable.Drawable pC -> b
    java.lang.String pD -> c
    android.graphics.drawable.Drawable pK -> d
    java.lang.String pF -> e
    java.lang.String pL -> f
    java.lang.Object mH -> g
    com.google.android.gms.internal.bv pJ -> h
    java.lang.String bB() -> a
    com.google.android.gms.dynamic.d bC() -> b
    java.lang.String getBody() -> c
    com.google.android.gms.dynamic.d bI() -> d
    java.lang.String bE() -> e
    java.lang.String bJ() -> f
    void j(int) -> a
    void aw() -> g
    void a(com.google.android.gms.internal.bv) -> a
com.google.android.gms.internal.bv -> com.google.android.gms.c.aE:
    com.google.android.gms.internal.u pM -> a
    com.google.android.gms.internal.ah pN -> b
    org.json.JSONObject pO -> c
    void b(java.lang.String,int) -> a
    void aw() -> a
com.google.android.gms.internal.bv$a -> com.google.android.gms.c.aF:
    void a(com.google.android.gms.internal.bv) -> a
com.google.android.gms.internal.bw -> com.google.android.gms.c.aG:
    void j(int) -> a
    void aw() -> i
    java.lang.String bB() -> a
    com.google.android.gms.dynamic.d bC() -> b
    java.lang.String getBody() -> c
    com.google.android.gms.dynamic.d bD() -> d
    java.lang.String bE() -> e
    double bF() -> f
    java.lang.String bG() -> g
    java.lang.String bH() -> h
com.google.android.gms.internal.bw$a -> com.google.android.gms.c.aH:
    android.os.IBinder asBinder() -> asBinder
    boolean onTransact(int,android.os.Parcel,android.os.Parcel,int) -> onTransact
com.google.android.gms.internal.bx -> com.google.android.gms.c.aI:
    void j(int) -> a
    void aw() -> g
    java.lang.String bB() -> a
    com.google.android.gms.dynamic.d bC() -> b
    java.lang.String getBody() -> c
    com.google.android.gms.dynamic.d bI() -> d
    java.lang.String bE() -> e
    java.lang.String bJ() -> f
com.google.android.gms.internal.bx$a -> com.google.android.gms.c.aJ:
    android.os.IBinder asBinder() -> asBinder
    boolean onTransact(int,android.os.Parcel,android.os.Parcel,int) -> onTransact
com.google.android.gms.internal.by -> com.google.android.gms.c.aK:
    void a(com.google.android.gms.internal.bw) -> a
com.google.android.gms.internal.bz -> com.google.android.gms.c.aL:
    void a(com.google.android.gms.internal.bx) -> a