DragonIsland-Android/proguard/usage.txt
com.google.android.gms.games.internal.IGamesService
com.google.android.gms.games.internal.IGamesService$Stub
com.google.android.gms.games.internal.IGamesService$Stub$Proxy
com.google.android.gms.games.internal.IGamesSignInCallbacks
com.google.android.gms.games.internal.IGamesSignInCallbacks$Stub
com.google.android.gms.games.internal.IGamesSignInCallbacks$Stub$Proxy
com.google.android.gms.games.internal.IGamesSignInService
com.google.android.gms.games.internal.IGamesSignInService$Stub
com.google.android.gms.games.internal.IGamesSignInService$Stub$Proxy
com.google.android.gms.games.internal.IRoomService
com.google.android.gms.games.internal.IRoomService$Stub
com.google.android.gms.games.internal.IRoomService$Stub$Proxy
com.google.android.gms.games.internal.IRoomServiceCallbacks
com.google.android.gms.games.internal.IRoomServiceCallbacks$Stub
com.google.android.gms.games.internal.IRoomServiceCallbacks$Stub$Proxy
com.google.android.gms.games.internal.JingleLog
com.google.android.gms.games.internal.LibjingleNativeSocket
com.google.android.gms.games.internal.PopupManager
com.google.android.gms.games.internal.PopupManager$1
com.google.android.gms.games.internal.PopupManager$PopupLocationInfo
com.google.android.gms.games.internal.PopupManager$PopupManagerHCMR1
com.google.android.gms.games.internal.RealTimeSocketImpl
com.google.android.gms.games.internal.api.AchievementsImpl
com.google.android.gms.games.internal.api.AchievementsImpl$1
com.google.android.gms.games.internal.api.AchievementsImpl$10
com.google.android.gms.games.internal.api.AchievementsImpl$2
com.google.android.gms.games.internal.api.AchievementsImpl$3
com.google.android.gms.games.internal.api.AchievementsImpl$4
com.google.android.gms.games.internal.api.AchievementsImpl$5
com.google.android.gms.games.internal.api.AchievementsImpl$6
com.google.android.gms.games.internal.api.AchievementsImpl$7
com.google.android.gms.games.internal.api.AchievementsImpl$8
com.google.android.gms.games.internal.api.AchievementsImpl$9
com.google.android.gms.games.internal.api.AchievementsImpl$LoadImpl
com.google.android.gms.games.internal.api.AchievementsImpl$LoadImpl$1
com.google.android.gms.games.internal.api.AchievementsImpl$UpdateImpl
com.google.android.gms.games.internal.api.AchievementsImpl$UpdateImpl$1
com.google.android.gms.games.internal.api.AclsImpl
com.google.android.gms.games.internal.api.AclsImpl$1
com.google.android.gms.games.internal.api.AclsImpl$2
com.google.android.gms.games.internal.api.AclsImpl$3
com.google.android.gms.games.internal.api.AclsImpl$LoadNotifyAclImpl
com.google.android.gms.games.internal.api.AclsImpl$UpdateNotifyAclImpl
com.google.android.gms.games.internal.api.AppContentsImpl
com.google.android.gms.games.internal.api.AppContentsImpl$1
com.google.android.gms.games.internal.api.AppContentsImpl$LoadsImpl
com.google.android.gms.games.internal.api.AppContentsImpl$LoadsImpl$1
com.google.android.gms.games.internal.api.EventsImpl
com.google.android.gms.games.internal.api.EventsImpl$1
com.google.android.gms.games.internal.api.EventsImpl$2
com.google.android.gms.games.internal.api.EventsImpl$3
com.google.android.gms.games.internal.api.EventsImpl$LoadImpl
com.google.android.gms.games.internal.api.EventsImpl$LoadImpl$1
com.google.android.gms.games.internal.api.EventsImpl$UpdateImpl
com.google.android.gms.games.internal.api.EventsImpl$UpdateImpl$1
com.google.android.gms.games.internal.api.GamesMetadataImpl
com.google.android.gms.games.internal.api.GamesMetadataImpl$1
com.google.android.gms.games.internal.api.GamesMetadataImpl$10
com.google.android.gms.games.internal.api.GamesMetadataImpl$11
com.google.android.gms.games.internal.api.GamesMetadataImpl$12
com.google.android.gms.games.internal.api.GamesMetadataImpl$13
com.google.android.gms.games.internal.api.GamesMetadataImpl$14
com.google.android.gms.games.internal.api.GamesMetadataImpl$15
com.google.android.gms.games.internal.api.GamesMetadataImpl$16
com.google.android.gms.games.internal.api.GamesMetadataImpl$17